<?xml version="1.0" encoding="UTF-8"?>
<!-- Generated by org.testng.reporters.JUnitXMLReporter -->
<testsuite hostname="INBOOK_X1_SLIM" ignored="0" name="Default test(failed)" tests="4" failures="4" timestamp="18 Jun 2023 08:52:48 GMT" time="1.172" errors="0">
  <testcase name="faceBook" time="0.888" classname="TestNG.MultiData">
    <failure type="org.openqa.selenium.SessionNotCreatedException" message="Could not start a new session. Possible causes are invalid address of the remote server or browser start-up failure.">
      <![CDATA[org.openqa.selenium.SessionNotCreatedException: Could not start a new session. Possible causes are invalid address of the remote server or browser start-up failure.
at org.openqa.selenium.remote.RemoteWebDriver.execute(RemoteWebDriver.java:584)
at org.openqa.selenium.remote.RemoteWebDriver.startSession(RemoteWebDriver.java:247)
at org.openqa.selenium.remote.RemoteWebDriver.<init>(RemoteWebDriver.java:163)
at org.openqa.selenium.firefox.FirefoxDriver.<init>(FirefoxDriver.java:126)
at org.openqa.selenium.firefox.FirefoxDriver.<init>(FirefoxDriver.java:114)
at org.libglobal.LibGlobal.LaunchFirefoxBrowser(LibGlobal.java:59)
at TestNG.MultiData.faceBook(MultiData.java:21)
Caused by: org.openqa.selenium.WebDriverException: Driver server process died prematurely.
Build info: version: '4.2.0', revision: '86eb611648'
System info: host: 'INBOOK_X1_SLIM', ip: '192.168.43.49', os.name: 'Windows 10', os.arch: 'amd64', os.version: '10.0', java.version: '1.8.0_202'
Driver info: driver.version: FirefoxDriver
at org.openqa.selenium.remote.service.DriverService.start(DriverService.java:226)
at org.openqa.selenium.remote.service.DriverCommandExecutor.execute(DriverCommandExecutor.java:98)
at org.openqa.selenium.remote.RemoteWebDriver.execute(RemoteWebDriver.java:566)
... 31 more
... Removed 25 stack frames]]>
    </failure>
  </testcase> <!-- faceBook -->
  <testcase name="faceBook" time="0.088" classname="TestNG.MultiData">
    <failure type="org.openqa.selenium.SessionNotCreatedException" message="Could not start a new session. Possible causes are invalid address of the remote server or browser start-up failure.">
      <![CDATA[org.openqa.selenium.SessionNotCreatedException: Could not start a new session. Possible causes are invalid address of the remote server or browser start-up failure.
at org.openqa.selenium.remote.RemoteWebDriver.execute(RemoteWebDriver.java:584)
at org.openqa.selenium.remote.RemoteWebDriver.startSession(RemoteWebDriver.java:247)
at org.openqa.selenium.remote.RemoteWebDriver.<init>(RemoteWebDriver.java:163)
at org.openqa.selenium.firefox.FirefoxDriver.<init>(FirefoxDriver.java:126)
at org.openqa.selenium.firefox.FirefoxDriver.<init>(FirefoxDriver.java:114)
at org.libglobal.LibGlobal.LaunchFirefoxBrowser(LibGlobal.java:59)
at TestNG.MultiData.faceBook(MultiData.java:21)
Caused by: org.openqa.selenium.WebDriverException: Driver server process died prematurely.
Build info: version: '4.2.0', revision: '86eb611648'
System info: host: 'INBOOK_X1_SLIM', ip: '192.168.43.49', os.name: 'Windows 10', os.arch: 'amd64', os.version: '10.0', java.version: '1.8.0_202'
Driver info: driver.version: FirefoxDriver
at org.openqa.selenium.remote.service.DriverService.start(DriverService.java:226)
at org.openqa.selenium.remote.service.DriverCommandExecutor.execute(DriverCommandExecutor.java:98)
at org.openqa.selenium.remote.RemoteWebDriver.execute(RemoteWebDriver.java:566)
... 31 more
... Removed 25 stack frames]]>
    </failure>
  </testcase> <!-- faceBook -->
  <testcase name="faceBook" time="0.079" classname="TestNG.MultiData">
    <failure type="org.openqa.selenium.SessionNotCreatedException" message="Could not start a new session. Possible causes are invalid address of the remote server or browser start-up failure.">
      <![CDATA[org.openqa.selenium.SessionNotCreatedException: Could not start a new session. Possible causes are invalid address of the remote server or browser start-up failure.
at org.openqa.selenium.remote.RemoteWebDriver.execute(RemoteWebDriver.java:584)
at org.openqa.selenium.remote.RemoteWebDriver.startSession(RemoteWebDriver.java:247)
at org.openqa.selenium.remote.RemoteWebDriver.<init>(RemoteWebDriver.java:163)
at org.openqa.selenium.firefox.FirefoxDriver.<init>(FirefoxDriver.java:126)
at org.openqa.selenium.firefox.FirefoxDriver.<init>(FirefoxDriver.java:114)
at org.libglobal.LibGlobal.LaunchFirefoxBrowser(LibGlobal.java:59)
at TestNG.MultiData.faceBook(MultiData.java:21)
Caused by: org.openqa.selenium.WebDriverException: Driver server process died prematurely.
Build info: version: '4.2.0', revision: '86eb611648'
System info: host: 'INBOOK_X1_SLIM', ip: '192.168.43.49', os.name: 'Windows 10', os.arch: 'amd64', os.version: '10.0', java.version: '1.8.0_202'
Driver info: driver.version: FirefoxDriver
at org.openqa.selenium.remote.service.DriverService.start(DriverService.java:226)
at org.openqa.selenium.remote.service.DriverCommandExecutor.execute(DriverCommandExecutor.java:98)
at org.openqa.selenium.remote.RemoteWebDriver.execute(RemoteWebDriver.java:566)
... 31 more
... Removed 25 stack frames]]>
    </failure>
  </testcase> <!-- faceBook -->
  <testcase name="faceBook" time="0.087" classname="TestNG.MultiData">
    <failure type="org.openqa.selenium.SessionNotCreatedException" message="Could not start a new session. Possible causes are invalid address of the remote server or browser start-up failure.">
      <![CDATA[org.openqa.selenium.SessionNotCreatedException: Could not start a new session. Possible causes are invalid address of the remote server or browser start-up failure.
at org.openqa.selenium.remote.RemoteWebDriver.execute(RemoteWebDriver.java:584)
at org.openqa.selenium.remote.RemoteWebDriver.startSession(RemoteWebDriver.java:247)
at org.openqa.selenium.remote.RemoteWebDriver.<init>(RemoteWebDriver.java:163)
at org.openqa.selenium.firefox.FirefoxDriver.<init>(FirefoxDriver.java:126)
at org.openqa.selenium.firefox.FirefoxDriver.<init>(FirefoxDriver.java:114)
at org.libglobal.LibGlobal.LaunchFirefoxBrowser(LibGlobal.java:59)
at TestNG.MultiData.faceBook(MultiData.java:21)
Caused by: org.openqa.selenium.WebDriverException: Driver server process died prematurely.
Build info: version: '4.2.0', revision: '86eb611648'
System info: host: 'INBOOK_X1_SLIM', ip: '192.168.43.49', os.name: 'Windows 10', os.arch: 'amd64', os.version: '10.0', java.version: '1.8.0_202'
Driver info: driver.version: FirefoxDriver
at org.openqa.selenium.remote.service.DriverService.start(DriverService.java:226)
at org.openqa.selenium.remote.service.DriverCommandExecutor.execute(DriverCommandExecutor.java:98)
at org.openqa.selenium.remote.RemoteWebDriver.execute(RemoteWebDriver.java:566)
... 31 more
... Removed 25 stack frames]]>
    </failure>
  </testcase> <!-- faceBook -->
</testsuite> <!-- Default test(failed) -->
