<?xml version="1.0" encoding="UTF-8"?>
<!-- Generated by org.testng.reporters.JUnitXMLReporter -->
<testsuite hostname="INBOOK_X1_SLIM" ignored="0" name="Default test" tests="6" failures="0" timestamp="10 Jul 2023 10:03:36 GMT" time="0.047" errors="0">
  <testcase name="meeraArunsingh" time="0.0" classname="TestNG.Depends"/>
  <testcase name="arunSingh" time="0.016" classname="TestNG.Depends"/>
  <testcase name="arunSingh" time="0.0" classname="TestNG.Depends"/>
  <testcase name="arunSingh" time="0.0" classname="TestNG.Depends"/>
  <testcase name="arunSingh" time="0.0" classname="TestNG.Depends"/>
  <testcase name="arunSingh" time="0.0" classname="TestNG.Depends"/>
</testsuite> <!-- Default test -->
