<?xml version="1.0" encoding="UTF-8"?>
<!-- Generated by org.testng.reporters.JUnitXMLReporter -->
<testsuite hostname="INBOOK_X1_SLIM" ignored="0" name="DataProvider" tests="4" failures="0" timestamp="18 Jun 2023 08:47:56 GMT" time="19.127" errors="0">
  <testcase name="logIn" time="10.387" classname="TestNG.MultiData1"/>
  <testcase name="logIn" time="3.089" classname="TestNG.MultiData1"/>
  <testcase name="logIn" time="2.859" classname="TestNG.MultiData1"/>
  <testcase name="logIn" time="2.757" classname="TestNG.MultiData1"/>
</testsuite> <!-- DataProvider -->
