<?xml version="1.0" encoding="UTF-8"?>
<!-- Generated by org.testng.reporters.JUnitXMLReporter -->
<testsuite hostname="INBOOK_X1_SLIM" ignored="0" name="FirefoxBrowser" tests="8" failures="1" timestamp="08 Jul 2023 05:59:26 GMT" time="0.88" errors="0">
  <testcase name="tc_01" time="0.115" classname="TestNG.CrossBrowser">
    <skipped/>
  </testcase> <!-- tc_01 -->
  <testcase name="tc_01" time="0.083" classname="TestNG.CrossBrowser">
    <skipped/>
  </testcase> <!-- tc_01 -->
  <testcase name="tc_01" time="0.093" classname="TestNG.CrossBrowser">
    <skipped/>
  </testcase> <!-- tc_01 -->
  <testcase name="tc_01" time="0.104" classname="TestNG.CrossBrowser">
    <skipped/>
  </testcase> <!-- tc_01 -->
  <testcase name="tc_01" time="0.108" classname="TestNG.CrossBrowser">
    <skipped/>
  </testcase> <!-- tc_01 -->
  <testcase name="tc_01" time="0.105" classname="TestNG.CrossBrowser">
    <skipped/>
  </testcase> <!-- tc_01 -->
  <testcase name="tc_01" time="0.122" classname="TestNG.CrossBrowser">
    <skipped/>
  </testcase> <!-- tc_01 -->
  <testcase name="tc_01" time="0.117" classname="TestNG.CrossBrowser">
    <failure type="org.openqa.selenium.SessionNotCreatedException" message="Could not start a new session. Possible causes are invalid address of the remote server or browser start-up failure.">
      <![CDATA[org.openqa.selenium.SessionNotCreatedException: Could not start a new session. Possible causes are invalid address of the remote server or browser start-up failure.
at org.openqa.selenium.remote.RemoteWebDriver.execute(RemoteWebDriver.java:584)
at org.openqa.selenium.remote.RemoteWebDriver.startSession(RemoteWebDriver.java:247)
at org.openqa.selenium.remote.RemoteWebDriver.<init>(RemoteWebDriver.java:163)
at org.openqa.selenium.firefox.FirefoxDriver.<init>(FirefoxDriver.java:126)
at org.openqa.selenium.firefox.FirefoxDriver.<init>(FirefoxDriver.java:114)
at org.libglobal.LibGlobal.LaunchFirefoxBrowser(LibGlobal.java:59)
at TestNG.CrossBrowser.tc_01(CrossBrowser.java:19)
Caused by: org.openqa.selenium.WebDriverException: Driver server process died prematurely.
Build info: version: '4.2.0', revision: '86eb611648'
System info: host: 'INBOOK_X1_SLIM', ip: '192.168.1.29', os.name: 'Windows 10', os.arch: 'amd64', os.version: '10.0', java.version: '1.8.0_202'
Driver info: driver.version: FirefoxDriver
at org.openqa.selenium.remote.service.DriverService.start(DriverService.java:226)
at org.openqa.selenium.remote.service.DriverCommandExecutor.execute(DriverCommandExecutor.java:98)
at org.openqa.selenium.remote.RemoteWebDriver.execute(RemoteWebDriver.java:566)
... 31 more
... Removed 25 stack frames]]>
    </failure>
  </testcase> <!-- tc_01 -->
</testsuite> <!-- FirefoxBrowser -->
