<?xml version="1.0" encoding="UTF-8"?>
<!-- Generated by org.testng.reporters.JUnitXMLReporter -->
<testsuite hostname="INBOOK_X1_SLIM" ignored="6" name="Group" tests="3" failures="0" timestamp="18 Jun 2023 09:37:23 GMT" time="0.031" errors="0">
  <testcase name="tc_07" time="0.016" classname="TestNG.GroupingDemo"/>
  <testcase name="tc_08" time="0.0" classname="TestNG.GroupingDemo"/>
  <testcase name="tc_09" time="0.0" classname="TestNG.GroupingDemo"/>
  <testcase name="tc_06" time="0.0" classname="TestNG.GroupingDemo">
    <ignored/>
  </testcase> <!-- tc_06 -->
  <testcase name="tc_05" time="0.0" classname="TestNG.GroupingDemo">
    <ignored/>
  </testcase> <!-- tc_05 -->
  <testcase name="tc_02" time="0.0" classname="TestNG.GroupingDemo">
    <ignored/>
  </testcase> <!-- tc_02 -->
  <testcase name="tc_04" time="0.0" classname="TestNG.GroupingDemo">
    <ignored/>
  </testcase> <!-- tc_04 -->
  <testcase name="tc_01" time="0.0" classname="TestNG.GroupingDemo">
    <ignored/>
  </testcase> <!-- tc_01 -->
  <testcase name="tc_03" time="0.0" classname="TestNG.GroupingDemo">
    <ignored/>
  </testcase> <!-- tc_03 -->
</testsuite> <!-- Group -->
