<?xml version="1.0" encoding="UTF-8"?>
<testng-results skipped="0" failed="0" ignored="0" total="6" passed="6">
  <reporter-output>
  </reporter-output>
  <suite name="Default suite" duration-ms="47" started-at="2023-07-10T10:03:36Z" finished-at="2023-07-10T10:03:36Z">
    <groups>
    </groups>
    <test name="Default test" duration-ms="47" started-at="2023-07-10T10:03:36Z" finished-at="2023-07-10T10:03:36Z">
      <class name="TestNG.Depends">
        <test-method status="PASS" signature="meeraArunsingh()[pri:0, instance:TestNG.Depends@52a86356]" name="meeraArunsingh" duration-ms="0" started-at="2023-07-10T10:03:36Z" finished-at="2023-07-10T10:03:36Z">
          <reporter-output>
          </reporter-output>
        </test-method> <!-- meeraArunsingh -->
        <test-method status="PASS" signature="arunSingh()[pri:0, instance:TestNG.Depends@52a86356]" name="arunSingh" duration-ms="16" started-at="2023-07-10T10:03:36Z" depends-on-methods="TestNG.Depends.meeraArunsingh" finished-at="2023-07-10T10:03:36Z">
          <reporter-output>
          </reporter-output>
        </test-method> <!-- arunSingh -->
        <test-method status="PASS" signature="arunSingh()[pri:0, instance:TestNG.Depends@52a86356]" name="arunSingh" duration-ms="0" started-at="2023-07-10T10:03:36Z" depends-on-methods="TestNG.Depends.meeraArunsingh" finished-at="2023-07-10T10:03:36Z">
          <reporter-output>
          </reporter-output>
        </test-method> <!-- arunSingh -->
        <test-method status="PASS" signature="arunSingh()[pri:0, instance:TestNG.Depends@52a86356]" name="arunSingh" duration-ms="0" started-at="2023-07-10T10:03:36Z" depends-on-methods="TestNG.Depends.meeraArunsingh" finished-at="2023-07-10T10:03:36Z">
          <reporter-output>
          </reporter-output>
        </test-method> <!-- arunSingh -->
        <test-method status="PASS" signature="arunSingh()[pri:0, instance:TestNG.Depends@52a86356]" name="arunSingh" duration-ms="0" started-at="2023-07-10T10:03:36Z" depends-on-methods="TestNG.Depends.meeraArunsingh" finished-at="2023-07-10T10:03:36Z">
          <reporter-output>
          </reporter-output>
        </test-method> <!-- arunSingh -->
        <test-method status="PASS" signature="arunSingh()[pri:0, instance:TestNG.Depends@52a86356]" name="arunSingh" duration-ms="0" started-at="2023-07-10T10:03:36Z" depends-on-methods="TestNG.Depends.meeraArunsingh" finished-at="2023-07-10T10:03:36Z">
          <reporter-output>
          </reporter-output>
        </test-method> <!-- arunSingh -->
      </class> <!-- TestNG.Depends -->
    </test> <!-- Default test -->
  </suite> <!-- Default suite -->
</testng-results>
